app/build/outputs/mapping/release/seeds.txt
androidx.compose.ui.platform.ViewLayer: long getLayerId()
androidx.core.widget.TextViewCompat$Api28Impl: java.lang.String[] getDigitStrings(android.icu.text.DecimalFormatSymbols)
androidx.appcompat.widget.Toolbar: void setTitle(int)
androidx.appcompat.widget.ActionBarOverlayLayout: void setIcon(android.graphics.drawable.Drawable)
com.google.android.gms.ads.admanager.AdManagerAdView: void setVideoOptions(com.google.android.gms.ads.VideoOptions)
androidx.appcompat.view.menu.ListMenuItemView: void setTitle(java.lang.CharSequence)
androidx.appcompat.widget.AppCompatAutoCompleteTextView: android.content.res.ColorStateList getSupportBackgroundTintList()
androidx.appcompat.widget.ViewStubCompat: void setLayoutResource(int)
kotlinx.coroutines.channels.BufferOverflow: kotlinx.coroutines.channels.BufferOverflow valueOf(java.lang.String)
androidx.compose.runtime.InvalidationResult: androidx.compose.runtime.InvalidationResult[] values()
androidx.constraintlayout.core.SolverVariable$Type: androidx.constraintlayout.core.SolverVariable$Type valueOf(java.lang.String)
com.google.android.gms.internal.ads.zzgul: zzgul()
com.google.android.gms.ads.mediation.MediationInterstitialAdapter: void onResume()
com.google.android.gms.ads.mediation.customevent.CustomEventBanner: void onResume()
androidx.compose.ui.platform.AndroidComposeView: void setLastMatrixRecalculationAnimationTime$ui_release(long)
androidx.lifecycle.LifecycleService: LifecycleService()
androidx.core.view.accessibility.AccessibilityViewCommand$SetTextArguments: AccessibilityViewCommand$SetTextArguments()
com.google.android.gms.internal.base.zac: zac()
androidx.constraintlayout.motion.widget.MotionLayout: int getEndState()
androidx.fragment.app.FragmentTransitionImpl: FragmentTransitionImpl()
com.google.android.gms.internal.ads.zzbht: zzbht()
com.google.android.gms.internal.ads.zzaly: zzaly()
androidx.compose.ui.platform.AndroidComposeView: androidx.compose.ui.node.RootForTest getRootForTest()
androidx.core.app.RemoteInput$Api20Impl: android.os.Bundle getResultsFromIntent(android.content.Intent)
androidx.appcompat.widget.ActionBarOverlayLayout: void setOverlayMode(boolean)
androidx.core.view.DisplayCutoutCompat$Api28Impl: java.util.List getBoundingRects(android.view.DisplayCutout)
androidx.compose.ui.platform.AndroidComposeView: androidx.compose.ui.text.font.Font$ResourceLoader getFontLoader()
androidx.core.content.ContextCompat$Api16Impl: void startActivities(android.content.Context,android.content.Intent[],android.os.Bundle)
com.google.android.gms.internal.ads.zzbfv: zzbfv()
androidx.core.view.WindowInsetsCompat$BuilderImpl20: WindowInsetsCompat$BuilderImpl20(androidx.core.view.WindowInsetsCompat)
androidx.core.view.ViewCompat$Api21Impl: boolean dispatchNestedPreFling(android.view.View,float,float)
androidx.media.AudioAttributesImplBaseParcelizer: void write(androidx.media.AudioAttributesImplBase,androidx.versionedparcelable.VersionedParcel)
androidx.appcompat.widget.Toolbar: java.lang.CharSequence getLogoDescription()
androidx.core.view.DisplayCutoutCompat$Api28Impl: int getSafeInsetLeft(android.view.DisplayCutout)
com.google.android.gms.internal.ads.zzbhc: zzbhc()
com.google.android.gms.internal.ads.zzbya: void onDestroy()
androidx.core.widget.NestedScrollView: float getBottomFadingEdgeStrength()
androidx.constraintlayout.widget.ConstraintLayout: ConstraintLayout(android.content.Context,android.util.AttributeSet)
androidx.lifecycle.ReportFragment$LifecycleCallbacks: void onActivityPreDestroyed(android.app.Activity)
androidx.work.impl.background.systemalarm.RescheduleReceiver: RescheduleReceiver()
com.google.android.gms.internal.ads.zzgbk: zzgbk()
com.google.android.gms.internal.ads.zzgsq: zzgsq()
androidx.core.view.accessibility.AccessibilityViewCommand$SetProgressArguments: AccessibilityViewCommand$SetProgressArguments()
androidx.compose.ui.node.LayoutNode: LayoutNode()
androidx.compose.ui.input.pointer.MotionEventHelper: long toRawOffset-dBAh8RU(android.view.MotionEvent,int)