app/build/outputs/mapping/release/mapping.txt
# compiler: R8
# compiler_version: 3.3.83
# min_api: 24
# common_typos_disable
# {"id":"com.android.tools.r8.mapping","version":"2.0"}
# pg_map_id: 263ce10
# pg_map_hash: SHA-256 263ce10df8daf4f3f199db073990779ec0c6fc0a67d699664a7d365b5d9ec328
...
com.google.android.gms.internal.ads.zzgpp -> com.google.android.gms.internal.ads.lw3:
    com.google.android.gms.internal.ads.zzggj zzb(byte[]) -> b
com.google.android.gms.internal.ads.zzgpq -> com.google.android.gms.internal.ads.mw3:
    com.google.android.gms.internal.ads.zzgpp zze -> e
    com.google.android.gms.internal.ads.zzgps zzb -> b
    java.lang.String zzc -> c
    byte[] zzd -> d
    java.security.interfaces.ECPrivateKey zza -> a
com.google.android.gms.internal.ads.zzgpr -> com.google.android.gms.internal.ads.nw3:
    com.google.android.gms.internal.ads.zzgpp zze -> d
    int zzf -> e
    java.lang.String zzc -> b
    byte[] zzd -> c
    byte[] zza -> f
    com.google.android.gms.internal.ads.zzgpu zzb -> a
    byte[] zza(byte[],byte[]) -> a
com.google.android.gms.internal.ads.zzgps -> com.google.android.gms.internal.ads.ow3:
    java.security.interfaces.ECPrivateKey zza -> a
com.google.android.gms.internal.ads.zzgpt -> com.google.android.gms.internal.ads.pw3:
    com.google.android.gms.internal.ads.zzgqt zza -> a
    com.google.android.gms.internal.ads.zzgqt zzb -> b
    byte[] zza() -> a
    byte[] zzb() -> b
com.google.android.gms.internal.ads.zzgpu -> com.google.android.gms.internal.ads.qw3:
    java.security.interfaces.ECPublicKey zza -> a
    com.google.android.gms.internal.ads.zzgpt zza(java.lang.String,byte[],byte[],int,int) -> a
com.google.android.gms.internal.ads.zzgpv -> com.google.android.gms.internal.ads.rw3:
    int zza(java.security.spec.EllipticCurve) -> a
    java.math.BigInteger zzb(java.security.spec.EllipticCurve) -> b
    java.security.KeyPair zzc(java.security.spec.ECParameterSpec) -> c
    void zzd(java.security.spec.ECPoint,java.security.spec.EllipticCurve) -> d
    void zze(java.security.interfaces.ECPublicKey,java.security.interfaces.ECPrivateKey) -> e
    void zzf(java.security.interfaces.ECPublicKey,java.security.interfaces.ECPrivateKey) -> f
    byte[] zzg(java.security.interfaces.ECPrivateKey,java.security.interfaces.ECPublicKey) -> g
    java.security.interfaces.ECPrivateKey zzh(int,byte[]) -> h
    java.security.interfaces.ECPublicKey zzi(int,byte[],byte[]) -> i
    java.security.interfaces.ECPublicKey zzj(java.security.spec.ECParameterSpec,int,byte[]) -> j
    java.security.spec.ECParameterSpec zzk(int) -> k
    byte[] zzl(java.security.spec.EllipticCurve,int,java.security.spec.ECPoint) -> l
    java.security.spec.ECParameterSpec zzm(java.lang.String,java.lang.String,java.lang.String,java.lang.String,java.lang.String) -> m
com.google.android.gms.internal.ads.zzgpw -> com.google.android.gms.internal.ads.sw3:
    com.google.android.gms.internal.ads.zzgqi zza -> a
    com.google.android.gms.internal.ads.zzgcl zzb -> b
    int zzc -> c
    byte[] zza(byte[],byte[]) -> a
    byte[] zzb(byte[],byte[]) -> b
com.google.android.gms.internal.ads.zzgpx -> com.google.android.gms.internal.ads.tw3:
    com.google.android.gms.internal.ads.zzgpx zze -> i
    com.google.android.gms.internal.ads.zzgpx zzf -> j
    com.google.android.gms.internal.ads.zzgpx zzg -> k
    java.util.List zzi -> c
    com.google.android.gms.internal.ads.zzgpx zza -> e
    com.google.android.gms.internal.ads.zzgpx zzb -> f
    com.google.android.gms.internal.ads.zzgpx zzc -> g
    com.google.android.gms.internal.ads.zzgpx zzd -> h
    java.util.logging.Logger zzh -> b
    com.google.android.gms.internal.ads.zzgqf zzk -> a
    boolean zzj -> d
    java.lang.Object zza(java.lang.String) -> a
    java.util.List zzb(java.lang.String[]) -> b
com.google.android.gms.internal.ads.zzgpy -> com.google.android.gms.internal.ads.uw3:
    java.lang.Object zza(java.lang.String,java.security.Provider) -> a
com.google.android.gms.internal.ads.zzgpz -> com.google.android.gms.internal.ads.vw3:
    java.lang.Object zza(java.lang.String,java.security.Provider) -> a