app/build/outputs/mapping/release/usage.txt
androidx.core.util.RangeKt
androidx.core.util.RunnableKt
androidx.core.util.SizeFCompat$Api21Impl
androidx.core.util.SizeFCompat
androidx.core.util.SizeKt
androidx.core.util.SparseArrayKt$keyIterator$1
androidx.core.util.SparseArrayKt$valueIterator$1
androidx.core.util.SparseArrayKt
androidx.core.util.SparseBooleanArrayKt$keyIterator$1
androidx.core.util.SparseBooleanArrayKt$valueIterator$1
androidx.core.util.SparseBooleanArrayKt
androidx.core.util.SparseIntArrayKt$keyIterator$1
androidx.core.util.SparseIntArrayKt$valueIterator$1
androidx.core.util.SparseIntArrayKt
androidx.core.util.SparseLongArrayKt$keyIterator$1
androidx.core.util.SparseLongArrayKt$valueIterator$1
androidx.core.util.SparseLongArrayKt
androidx.core.util.Supplier
androidx.core.util.TimeUtils
androidx.core.view.AccessibilityDelegateCompat$Api16Impl:
    private void <init>()
androidx.core.view.ActionProvider$SubUiVisibilityListener:
    public abstract void onSubUiVisibilityChanged(boolean)
androidx.core.view.ActionProvider:
    private static final java.lang.String TAG
    public android.content.Context getContext()
    public void refreshVisibility()
    public void subUiVisibilityChanged(boolean)
androidx.core.view.Api16Impl
androidx.core.view.ContentInfoCompat$Api31Impl
androidx.core.view.ContentInfoCompat$Builder
androidx.core.view.ContentInfoCompat$BuilderCompat31Impl
androidx.core.view.ContentInfoCompat$BuilderCompat
androidx.core.view.ContentInfoCompat$BuilderCompatImpl
androidx.core.view.ContentInfoCompat$Compat31Impl
androidx.core.view.ContentInfoCompat$Compat
androidx.core.view.ContentInfoCompat$CompatImpl
androidx.core.view.ContentInfoCompat$Flags
androidx.core.view.ContentInfoCompat$Source
androidx.core.view.ContentInfoCompat
androidx.core.view.DisplayCompat$Api17Impl
androidx.core.view.DisplayCompat$Api23Impl
androidx.core.view.DisplayCompat$ModeCompat$Api23Impl
androidx.core.view.DisplayCompat$ModeCompat
androidx.core.view.DisplayCompat
androidx.core.view.DisplayCutoutCompat$Api28Impl:
    private void <init>()
androidx.core.view.DisplayCutoutCompat$Api29Impl
androidx.core.view.DisplayCutoutCompat$Api30Impl
androidx.core.view.DisplayCutoutCompat:
    public void <init>(android.graphics.Rect,java.util.List)
    public void <init>(androidx.core.graphics.Insets,android.graphics.Rect,android.graphics.Rect,android.graphics.Rect,android.graphics.Rect,androidx.core.graphics.Insets)
    private static android.view.DisplayCutout constructDisplayCutout(androidx.core.graphics.Insets,android.graphics.Rect,android.graphics.Rect,android.graphics.Rect,android.graphics.Rect,androidx.core.graphics.Insets)
    public java.util.List getBoundingRects()
    public androidx.core.graphics.Insets getWaterfallInsets()
    android.view.DisplayCutout unwrap()
androidx.core.view.DragAndDropPermissionsCompat$Api24Impl
androidx.core.view.DragAndDropPermissionsCompat
androidx.core.view.DragStartHelper$OnDragStartListener
androidx.core.view.DragStartHelper
androidx.core.view.GestureDetectorCompat$GestureDetectorCompatImpl
androidx.core.view.GestureDetectorCompat$GestureDetectorCompatImplBase$GestureHandler
androidx.core.view.GestureDetectorCompat$GestureDetectorCompatImplBase
androidx.core.view.GestureDetectorCompat$GestureDetectorCompatImplJellybeanMr2
androidx.core.view.GestureDetectorCompat
androidx.core.view.GravityCompat$Api17Impl
androidx.core.view.GravityCompat:
    public static final int END
    public static final int RELATIVE_HORIZONTAL_GRAVITY_MASK
    public static final int RELATIVE_LAYOUT_DIRECTION
    public static final int START
    private void <init>()
    public static void apply(int,int,int,android.graphics.Rect,int,int,android.graphics.Rect,int)
    public static void apply(int,int,int,android.graphics.Rect,android.graphics.Rect,int)
    public static void applyDisplay(int,android.graphics.Rect,android.graphics.Rect,int)
androidx.core.view.InputDeviceCompat
androidx.core.view.KeyEventDispatcher:
    private void <init>()